#
# There is insufficient memory for the Java Runtime Environment to continue.
# Native memory allocation (malloc) failed to allocate 5472 bytes for AllocateHeap
# Possible reasons:
#   The system is out of physical RAM or swap space
#   The process is running with CompressedOops enabled, and the Java Heap may be blocking the growth of the native heap
# Possible solutions:
#   Reduce memory load on the system
#   Increase physical memory or swap space
#   Check if swap backing store is full
#   Decrease Java heap size (-Xmx/-Xms)
#   Decrease number of Java threads
#   Decrease Java thread stack sizes (-Xss)
#   Set larger code cache with -XX:ReservedCodeCacheSize=
#   JVM is running with Unscaled Compressed Oops mode in which the Java heap is
#     placed in the first 4GB address space. The Java Heap base address is the
#     maximum limit for the native heap growth. Please use -XX:HeapBaseMinAddress
#     to set the Java Heap base and to place the Java Heap above 4GB virtual address.
# This output file may be truncated or incomplete.
#
#  Out of Memory Error (memory/allocation.inline.hpp:61), pid=6984, tid=0x00000000000024d0
#
# JRE version: Java(TM) SE Runtime Environment (8.0_261-b12) (build 1.8.0_261-b12)
# Java VM: Java HotSpot(TM) 64-Bit Server VM (25.261-b12 mixed mode windows-amd64 compressed oops)
# Failed to write core dump. Minidumps are not enabled by default on client versions of Windows
#

---------------  T H R E A D  ---------------

Current thread (0x00000287fbd57000):  JavaThread "C1 CompilerThread2" daemon [_thread_in_vm, id=9424, stack(0x000000f3fbc00000,0x000000f3fbd00000)]

Stack: [0x000000f3fbc00000,0x000000f3fbd00000]
Native frames: (J=compiled Java code, j=interpreted, Vv=VM code, C=native code)
V  [jvm.dll+0x33e5f9]
V  [jvm.dll+0x2850e2]
V  [jvm.dll+0x285d8d]
V  [jvm.dll+0x27c895]
V  [jvm.dll+0xa51b3]
V  [jvm.dll+0xa4029]
V  [jvm.dll+0xae2f2]
V  [jvm.dll+0xb237d]
V  [jvm.dll+0x47825]
V  [jvm.dll+0x3efaa7]
V  [jvm.dll+0x3ef0f1]
V  [jvm.dll+0x3f0b2f]
V  [jvm.dll+0xbbbcb]
V  [jvm.dll+0xba22b]
V  [jvm.dll+0x24d962]
V  [jvm.dll+0x2a1cfc]
C  [ucrtbase.dll+0x20e82]
C  [KERNEL32.DLL+0x17bd4]
C  [ntdll.dll+0x6ce51]


Current CompileTask:
C1:   3306  376   !   3       java.net.URL::<init> (543 bytes)


---------------  P R O C E S S  ---------------

Java Threads: ( => current thread )
  0x00000287fbd5a000 JavaThread "Service Thread" daemon [_thread_blocked, id=15448, stack(0x000000f3fbd00000,0x000000f3fbe00000)]
=>0x00000287fbd57000 JavaThread "C1 CompilerThread2" daemon [_thread_in_vm, id=9424, stack(0x000000f3fbc00000,0x000000f3fbd00000)]
  0x00000287fbd53000 JavaThread "C2 CompilerThread1" daemon [_thread_in_native, id=4588, stack(0x000000f3fbb00000,0x000000f3fbc00000)]
  0x00000287fbcef000 JavaThread "C2 CompilerThread0" daemon [_thread_blocked, id=2432, stack(0x000000f3fba00000,0x000000f3fbb00000)]
  0x00000287fbceb800 JavaThread "Monitor Ctrl-Break" daemon [_thread_in_native, id=12684, stack(0x000000f3fb900000,0x000000f3fba00000)]
  0x00000287fbc7f000 JavaThread "Attach Listener" daemon [_thread_blocked, id=11504, stack(0x000000f3fb800000,0x000000f3fb900000)]
  0x00000287fbc7e000 JavaThread "Signal Dispatcher" daemon [_thread_blocked, id=11096, stack(0x000000f3fb700000,0x000000f3fb800000)]
  0x00000287e575a000 JavaThread "Finalizer" daemon [_thread_blocked, id=2288, stack(0x000000f3fb600000,0x000000f3fb700000)]
  0x00000287fbc56000 JavaThread "Reference Handler" daemon [_thread_blocked, id=4836, stack(0x000000f3fb500000,0x000000f3fb600000)]
  0x00000287e559b000 JavaThread "main" [_thread_blocked, id=8432, stack(0x000000f3faf00000,0x000000f3fb000000)]

Other Threads:
  0x00000287fbc33000 VMThread [stack: 0x000000f3fb400000,0x000000f3fb500000] [id=4784]
  0x00000287fbd85800 WatcherThread [stack: 0x000000f3fbe00000,0x000000f3fbf00000] [id=9020]

VM state:not at safepoint (normal execution)

VM Mutex/Monitor currently owned by a thread:  ([mutex/lock_event])
[0x00000287e558ac70] CodeCache_lock - owner thread: 0x00000287fbd57000
[0x00000287e5599780] Compile_lock - owner thread: 0x00000287fbd57000
[0x00000287e559a500] MethodCompileQueue_lock - owner thread: 0x00000287fbd57000

heap address: 0x0000000081200000, size: 2030 MB, Compressed Oops mode: 32-bit
Narrow klass base: 0x0000000000000000, Narrow klass shift: 3
Compressed class space size: 1073741824 Address: 0x0000000100000000

Heap:
 PSYoungGen      total 38400K, used 12790K [0x00000000d5b80000, 0x00000000d8600000, 0x0000000100000000)
  eden space 33280K, 38% used [0x00000000d5b80000,0x00000000d67fd858,0x00000000d7c00000)
  from space 5120K, 0% used [0x00000000d8100000,0x00000000d8100000,0x00000000d8600000)
  to   space 5120K, 0% used [0x00000000d7c00000,0x00000000d7c00000,0x00000000d8100000)
 ParOldGen       total 87552K, used 0K [0x0000000081200000, 0x0000000086780000, 0x00000000d5b80000)
  object space 87552K, 0% used [0x0000000081200000,0x0000000081200000,0x0000000086780000)
 Metaspace       used 5891K, capacity 6044K, committed 6144K, reserved 1056768K
  class space    used 641K, capacity 696K, committed 768K, reserved 1048576K

Card table byte_map: [0x00000287f6300000,0x00000287f6700000] byte_map_base: 0x00000287f5ef7000

Marking Bits: (ParMarkBitMap*) 0x0000000055284fb0
 Begin Bits: [0x00000287f69b0000, 0x00000287f8968000)
 End Bits:   [0x00000287f8968000, 0x00000287fa920000)

Polling page: 0x00000287e54d0000

CodeCache: size=245760Kb used=2087Kb max_used=2087Kb free=243672Kb
 bounds [0x00000287e6f40000, 0x00000287e71b0000, 0x00000287f5f40000]
 total_blobs=670 nmethods=374 adapters=208
 compilation: enabled

Compilation events (10 events):
Event: 3.241 Thread 0x00000287fbd57000  371       3       java.lang.String::<init> (38 bytes)
Event: 3.241 Thread 0x00000287fbd57000 nmethod 371 0x00000287e71400d0 code [0x00000287e7140260, 0x00000287e71405b0]
Event: 3.245 Thread 0x00000287fbd57000  373       1       java.util.TreeMap::access$100 (5 bytes)
Event: 3.245 Thread 0x00000287fbd57000 nmethod 373 0x00000287e7140710 code [0x00000287e7140860, 0x00000287e7140958]
Event: 3.250 Thread 0x00000287fbcef000 nmethod 333 0x00000287e7144e90 code [0x00000287e71450e0, 0x00000287e7146960]
Event: 3.250 Thread 0x00000287fbcef000  372       4       java.lang.String::equals (81 bytes)
Event: 3.252 Thread 0x00000287fbd57000  375       3       java.lang.Throwable::<init> (39 bytes)
Event: 3.253 Thread 0x00000287fbd57000 nmethod 375 0x00000287e71441d0 code [0x00000287e7144360, 0x00000287e7144910]
Event: 3.253 Thread 0x00000287fbd57000  376   !   3       java.net.URL::<init> (543 bytes)
Event: 3.257 Thread 0x00000287fbcef000 nmethod 372 0x00000287e7140e90 code [0x00000287e7140fe0, 0x00000287e7141218]

GC Heap History (0 events):
No events

Deoptimization events (2 events):
Event: 3.213 Thread 0x00000287e559b000 Uncommon trap: reason=unstable_if action=reinterpret pc=0x00000287e7131fa4 method=org.codehaus.plexus.util.xml.pull.MXParser.more()C @ 8
Event: 3.219 Thread 0x00000287e559b000 Uncommon trap: reason=unstable_if action=reinterpret pc=0x00000287e706bd88 method=java.net.URI.match(CJJ)Z @ 19

Classes redefined (0 events):
No events

Internal exceptions (9 events):
Event: 0.178 Thread 0x00000287e559b000 Exception <a 'java/lang/NoSuchMethodError': Method sun.misc.Unsafe.defineClass(Ljava/lang/String;[BII)Ljava/lang/Class; name or signature does not match> (0x00000000d5b87cc0) thrown at [C:\jenkins\workspace\8-2-build-windows-amd64-cygwin\jdk8u261\295\hots
Event: 0.178 Thread 0x00000287e559b000 Exception <a 'java/lang/NoSuchMethodError': Method sun.misc.Unsafe.prefetchRead(Ljava/lang/Object;J)V name or signature does not match> (0x00000000d5b87fa8) thrown at [C:\jenkins\workspace\8-2-build-windows-amd64-cygwin\jdk8u261\295\hotspot\src\share\vm\p
Event: 0.374 Thread 0x00000287e559b000 Exception <a 'java/util/zip/ZipException'> (0x00000000d5c0d810) thrown at [C:\jenkins\workspace\8-2-build-windows-amd64-cygwin\jdk8u261\295\hotspot\src\share\vm\prims\jni.cpp, line 710]
Event: 0.374 Thread 0x00000287e559b000 Exception <a 'java/security/PrivilegedActionException'> (0x00000000d5c0df48) thrown at [C:\jenkins\workspace\8-2-build-windows-amd64-cygwin\jdk8u261\295\hotspot\src\share\vm\prims\jvm.cpp, line 1512]
Event: 0.374 Thread 0x00000287e559b000 Exception <a 'java/security/PrivilegedActionException'> (0x00000000d5c0e158) thrown at [C:\jenkins\workspace\8-2-build-windows-amd64-cygwin\jdk8u261\295\hotspot\src\share\vm\prims\jvm.cpp, line 1512]
Event: 1.289 Thread 0x00000287e559b000 Exception <a 'java/security/PrivilegedActionException'> (0x00000000d607c7d8) thrown at [C:\jenkins\workspace\8-2-build-windows-amd64-cygwin\jdk8u261\295\hotspot\src\share\vm\prims\jvm.cpp, line 1512]
Event: 1.289 Thread 0x00000287e559b000 Exception <a 'java/security/PrivilegedActionException'> (0x00000000d607cbd0) thrown at [C:\jenkins\workspace\8-2-build-windows-amd64-cygwin\jdk8u261\295\hotspot\src\share\vm\prims\jvm.cpp, line 1512]
Event: 1.291 Thread 0x00000287e559b000 Exception <a 'java/security/PrivilegedActionException'> (0x00000000d6080cc8) thrown at [C:\jenkins\workspace\8-2-build-windows-amd64-cygwin\jdk8u261\295\hotspot\src\share\vm\prims\jvm.cpp, line 1512]
Event: 1.291 Thread 0x00000287e559b000 Exception <a 'java/security/PrivilegedActionException'> (0x00000000d60810c0) thrown at [C:\jenkins\workspace\8-2-build-windows-amd64-cygwin\jdk8u261\295\hotspot\src\share\vm\prims\jvm.cpp, line 1512]

Events (10 events):
Event: 3.250 loading class java/lang/TypeNotPresentException
Event: 3.250 loading class java/lang/TypeNotPresentException done
Event: 3.251 loading class org/codehaus/plexus/context/Context
Event: 3.251 loading class org/codehaus/plexus/context/Context done
Event: 3.252 loading class org/codehaus/plexus/PlexusContainerException
Event: 3.252 loading class org/codehaus/plexus/PlexusContainerException done
Event: 3.258 loading class org/apache/maven/cli/MavenCli$1
Event: 3.258 loading class org/apache/maven/cli/MavenCli$1 done
Event: 3.259 loading class com/google/inject/AbstractModule
Event: 3.259 loading class com/google/inject/AbstractModule done


Dynamic libraries:
0x00007ff69ac20000 - 0x00007ff69ac67000 	C:\Program Files\Java\jdk1.8.0_261\bin\java.exe
0x00007fff316e0000 - 0x00007fff318d0000 	C:\Windows\SYSTEM32\ntdll.dll
0x00007fff2f760000 - 0x00007fff2f812000 	C:\Windows\System32\KERNEL32.DLL
0x00007fff2f090000 - 0x00007fff2f334000 	C:\Windows\System32\KERNELBASE.dll
0x00007fff312c0000 - 0x00007fff31363000 	C:\Windows\System32\ADVAPI32.dll
0x00007fff2f8c0000 - 0x00007fff2f95e000 	C:\Windows\System32\msvcrt.dll
0x00007fff2f820000 - 0x00007fff2f8b7000 	C:\Windows\System32\sechost.dll
0x00007fff30eb0000 - 0x00007fff30fd0000 	C:\Windows\System32\RPCRT4.dll
0x00007fff2f9c0000 - 0x00007fff2fb54000 	C:\Windows\System32\USER32.dll
0x00007fff2f4a0000 - 0x00007fff2f4c1000 	C:\Windows\System32\win32u.dll
0x00007fff2fb60000 - 0x00007fff2fb86000 	C:\Windows\System32\GDI32.dll
0x00007fff2edc0000 - 0x00007fff2ef54000 	C:\Windows\System32\gdi32full.dll
0x00007fff2f4d0000 - 0x00007fff2f56e000 	C:\Windows\System32\msvcp_win.dll
0x00007fff2f3a0000 - 0x00007fff2f49a000 	C:\Windows\System32\ucrtbase.dll
0x00007fff21620000 - 0x00007fff218a4000 	C:\Windows\WinSxS\amd64_microsoft.windows.common-controls_6595b64144ccf1df_6.0.18362.836_none_e6c4b943130f18ed\COMCTL32.dll
0x00007fff30390000 - 0x00007fff306c6000 	C:\Windows\System32\combase.dll
0x00007fff2f590000 - 0x00007fff2f610000 	C:\Windows\System32\bcryptPrimitives.dll
0x00007fff30880000 - 0x00007fff308ae000 	C:\Windows\System32\IMM32.DLL
0x00007fff016f0000 - 0x00007fff01705000 	C:\Program Files\Java\jdk1.8.0_261\jre\bin\vcruntime140.dll
0x00007ffed7ef0000 - 0x00007ffed7f8b000 	C:\Program Files\Java\jdk1.8.0_261\jre\bin\msvcp140.dll
0x0000000054a90000 - 0x00000000552fc000 	C:\Program Files\Java\jdk1.8.0_261\jre\bin\server\jvm.dll
0x00007fff2fc10000 - 0x00007fff2fc18000 	C:\Windows\System32\PSAPI.DLL
0x00007fff16e70000 - 0x00007fff16e79000 	C:\Windows\SYSTEM32\WSOCK32.dll
0x00007fff31140000 - 0x00007fff311af000 	C:\Windows\System32\WS2_32.dll
0x00007fff2c550000 - 0x00007fff2c574000 	C:\Windows\SYSTEM32\WINMM.dll
0x00007fff28820000 - 0x00007fff2882a000 	C:\Windows\SYSTEM32\VERSION.dll
0x00007fff2c0d0000 - 0x00007fff2c0fd000 	C:\Windows\SYSTEM32\WINMMBASE.dll
0x00007fff2ef90000 - 0x00007fff2efda000 	C:\Windows\System32\cfgmgr32.dll
0x00007fff2e580000 - 0x00007fff2e591000 	C:\Windows\System32\kernel.appcore.dll
0x00007fff0af50000 - 0x00007fff0af60000 	C:\Program Files\Java\jdk1.8.0_261\jre\bin\verify.dll
0x00007fff01670000 - 0x00007fff0169b000 	C:\Program Files\Java\jdk1.8.0_261\jre\bin\java.dll
0x00007fff01630000 - 0x00007fff01662000 	C:\Program Files\Java\jdk1.8.0_261\jre\bin\instrument.dll
0x00007fff016d0000 - 0x00007fff016e8000 	C:\Program Files\Java\jdk1.8.0_261\jre\bin\zip.dll
0x00007fff2fc80000 - 0x00007fff30364000 	C:\Windows\System32\SHELL32.dll
0x00007fff30e00000 - 0x00007fff30ea9000 	C:\Windows\System32\shcore.dll
0x00007fff2e640000 - 0x00007fff2edbe000 	C:\Windows\System32\windows.storage.dll
0x00007fff2e610000 - 0x00007fff2e633000 	C:\Windows\System32\profapi.dll
0x00007fff2e5a0000 - 0x00007fff2e5ea000 	C:\Windows\System32\powrprof.dll
0x00007fff2e570000 - 0x00007fff2e580000 	C:\Windows\System32\UMPDC.dll
0x00007fff2f960000 - 0x00007fff2f9b2000 	C:\Windows\System32\shlwapi.dll
0x00007fff2f570000 - 0x00007fff2f587000 	C:\Windows\System32\cryptsp.dll
0x00007ffeec320000 - 0x00007ffeec33a000 	C:\Program Files\JetBrains\IntelliJ IDEA 2020.2.3\bin\breakgen64.dll
0x00007ffeecaa0000 - 0x00007ffeecabc000 	C:\Program Files\Java\jdk1.8.0_261\jre\bin\net.dll
0x00007fff2dd30000 - 0x00007fff2dd97000 	C:\Windows\system32\mswsock.dll
0x00007fff2d8b0000 - 0x00007fff2d8e3000 	C:\Windows\system32\rsaenh.dll
0x00007fff2ef60000 - 0x00007fff2ef86000 	C:\Windows\System32\bcrypt.dll
0x00007fff2e490000 - 0x00007fff2e4b5000 	C:\Windows\SYSTEM32\USERENV.dll
0x00007fff2deb0000 - 0x00007fff2debc000 	C:\Windows\SYSTEM32\CRYPTBASE.dll
0x00007fff2da50000 - 0x00007fff2da8a000 	C:\Windows\SYSTEM32\IPHLPAPI.DLL
0x00007fff30fd0000 - 0x00007fff30fd8000 	C:\Windows\System32\NSI.dll
0x00007fff27040000 - 0x00007fff27056000 	C:\Windows\SYSTEM32\dhcpcsvc6.DLL
0x00007fff27020000 - 0x00007fff2703c000 	C:\Windows\SYSTEM32\dhcpcsvc.DLL
0x00007fff2da90000 - 0x00007fff2db5b000 	C:\Windows\SYSTEM32\DNSAPI.dll
0x00007ffeec7d0000 - 0x00007ffeec7e3000 	C:\Program Files\Java\jdk1.8.0_261\jre\bin\nio.dll
0x00007fff0af70000 - 0x00007fff0af7a000 	C:\Users\yasser\AppData\Local\Temp\jansi-1.17.1-1115997437139883037.dll
0x00007fff0af60000 - 0x00007fff0af6a000 	C:\Users\yasser\AppData\Local\Temp\jansi-1.17.1-3015024229379742589.dll
0x00007fff11810000 - 0x00007fff11a04000 	C:\Windows\SYSTEM32\dbghelp.dll

VM Arguments:
jvm_args: -Dmaven.multiModuleProjectDirectory=C:\Users\yasser\Desktop\Shoebill\ecommerce-api -Dmaven.home=C:\Users\yasser\.m2\wrapper\dists\apache-maven-3.6.3-bin\1iopthnavndlasol9gbrbg6bf2\apache-maven-3.6.3 -Dclassworlds.conf=C:\Users\yasser\.m2\wrapper\dists\apache-maven-3.6.3-bin\1iopthnavndlasol9gbrbg6bf2\apache-maven-3.6.3\bin\m2.conf -Dmaven.ext.class.path=C:\Program Files\JetBrains\IntelliJ IDEA 2020.2.3\plugins\maven\lib\maven-event-listener.jar -javaagent:C:\Program Files\JetBrains\IntelliJ IDEA 2020.2.3\lib\idea_rt.jar=60164:C:\Program Files\JetBrains\IntelliJ IDEA 2020.2.3\bin -Dfile.encoding=UTF-8 
java_command: org.codehaus.classworlds.Launcher -Didea.version=2020.2.3 clean
java_class_path (initial): C:\Users\yasser\.m2\wrapper\dists\apache-maven-3.6.3-bin\1iopthnavndlasol9gbrbg6bf2\apache-maven-3.6.3\boot\plexus-classworlds-2.6.0.jar;C:\Users\yasser\.m2\wrapper\dists\apache-maven-3.6.3-bin\1iopthnavndlasol9gbrbg6bf2\apache-maven-3.6.3\boot\plexus-classworlds.license;C:\Program Files\JetBrains\IntelliJ IDEA 2020.2.3\lib\idea_rt.jar
Launcher Type: SUN_STANDARD

Environment Variables:
JAVA_HOME=C:\Program Files\Java\jdk1.8.0_261
JRE_HOME=C:\Program Files\Java\jdk1.8.0_261\jre
CLASSPATH=.;C:/Tools/jade/jade.jar
PATH=C:\Program Files (x86)\Common Files\Oracle\Java\javapath;C:\WINDOWS\system32;C:\WINDOWS;C:\WINDOWS\System32\Wbem;C:\WINDOWS\System32\WindowsPowerShell\v1.0\;C:\Program Files\nodejs\;C:\Program Files\Git\cmd;C:\WINDOWS\System32\OpenSSH\;C:\Program Files (x86)\NVIDIA Corporation\PhysX\Common;C:\Program Files\NVIDIA Corporation\NVIDIA NvDLISR;C:\xampp\php;C:\wamp64\bin\php\php7.3.5;C:\ProgramData\ComposerSetup\bin;C:\WINDOWS\system32;C:\WINDOWS;C:\WINDOWS\System32\Wbem;C:\WINDOWS\System32\WindowsPowerShell\v1.0\;C:\WINDOWS\System32\OpenSSH\;C:\Program Files\sampctl;C:\Program Files\MongoDB\Server\4.2\bin;C:\Program Files\PuTTY\;C:\Tools\flutter\bin;C:\Program Files\dotnet\;C:\Users\yasser\AppData\Local\Programs\Python\Python35-32\Scripts\;C:\Users\yasser\AppData\Local\Programs\Python\Python35-32\;C:\Users\yasser\AppData\Local\Microsoft\WindowsApps;C:\Users\yasser\AppData\Local\Programs\Microsoft VS Code\bin;C:\Users\yasser\AppData\Roaming\npm;C:\Users\yasser\AppData\Roaming\Composer\vendor\bin;C:\Program Files\JetBrains\IntelliJ IDEA 2019.3\bin;C:\Program Files\heroku\bin;C:\Tools\flutter\bin;C:\Users\yasser\.dotnet\tools;C:\Program Files (x86)\NuGet;
USERNAME=yasser
OS=Windows_NT
PROCESSOR_IDENTIFIER=Intel64 Family 6 Model 69 Stepping 1, GenuineIntel



---------------  S Y S T E M  ---------------

OS: Windows 10.0 , 64 bit Build 18362 (10.0.18362.778)

CPU:total 4 (initial active 4) (2 cores per cpu, 2 threads per core) family 6 model 69 stepping 1, cmov, cx8, fxsr, mmx, sse, sse2, sse3, ssse3, sse4.1, sse4.2, popcnt, avx, avx2, aes, clmul, erms, lzcnt, ht, tsc, tscinvbit, bmi1, bmi2

Memory: 4k page, physical 8307144k(989996k free), swap 14245688k(92k free)

vm_info: Java HotSpot(TM) 64-Bit Server VM (25.261-b12) for windows-amd64 JRE (1.8.0_261-b12), built on Jun 18 2020 06:56:32 by "" with unknown MS VC++:1916

time: Sat Oct 24 16:11:51 2020
timezone: Morocco Daylight Time
elapsed time: 3 seconds (0d 0h 0m 3s)

